*****************************************************************************************
* This scriptp receive data from all servers and put to local data base for fast access *
*****************************************************************************************
Script started at: Tue Jan 31 14:00:01 2017
Ceragon:	6 Pass, 8 Fail, 1 Error
Ionics1:	8 Pass, 5 Fail, 2 Error
Ionics2:	133 Pass, 58 Fail, 18 Error
Flex1:	1051 Pass, 189 Fail, 75 Error
Flex2:	772 Pass, 84 Fail, 100 Error
VCL:	1218 Pass, 189 Fail, 72 Error
JBL1:	396 Pass, 66 Fail, 40 Error
Script ended at: Tue Jan 31 14:00:17 2017
*****************************************************************************************
*****************************************************************************************
* This scriptp receive data from all servers and put to local data base for fast access *
*****************************************************************************************
Script started at: Tue Jan 31 15:00:02 2017
Ceragon:	6 Pass, 8 Fail, 1 Error
Ionics1:	8 Pass, 5 Fail, 2 Error
Ionics2:	133 Pass, 58 Fail, 18 Error
Flex1:	1112 Pass, 199 Fail, 78 Error
Flex2:	811 Pass, 90 Fail, 107 Error
VCL:	1254 Pass, 193 Fail, 74 Error
JBL1:	426 Pass, 69 Fail, 42 Error
Script ended at: Tue Jan 31 15:00:17 2017
*****************************************************************************************
*****************************************************************************************
* This scriptp receive data from all servers and put to local data base for fast access *
*****************************************************************************************
Script started at: Tue Jan 31 16:00:01 2017
Ceragon:	9 Pass, 8 Fail, 1 Error
Ionics1:	8 Pass, 6 Fail, 2 Error
Ionics2:	133 Pass, 61 Fail, 19 Error
Flex1:	1157 Pass, 204 Fail, 84 Error
Flex2:	825 Pass, 95 Fail, 112 Error
VCL:	1280 Pass, 197 Fail, 76 Error
JBL1:	454 Pass, 72 Fail, 44 Error
Script ended at: Tue Jan 31 16:00:16 2017
*****************************************************************************************
