******************************************************************************************************
* This scriptp receive TOP UUT FAIL data from all servers and put to local data base for fast access *
******************************************************************************************************
Script started at: Tue Jan 31 14:40:01 2017
36
Delete old records
INSERT INTO atestat.UUT_TOP_FAILS (id, UUT_NAME, UUT_FAILS, FACILITY ) VALUES (null, "SDCARD", 81, "VCL")
INSERT INTO atestat.UUT_TOP_FAILS (id, UUT_NAME, UUT_FAILS, FACILITY ) VALUES (null, "ELIC", 57, "VCL")
INSERT INTO atestat.UUT_TOP_FAILS (id, UUT_NAME, UUT_FAILS, FACILITY ) VALUES (null, "N4 Room", 43, "VCL")
INSERT INTO atestat.UUT_TOP_FAILS (id, UUT_NAME, UUT_FAILS, FACILITY ) VALUES (null, "NEXUS MB FAST", 32, "VCL")
INSERT INTO atestat.UUT_TOP_FAILS (id, UUT_NAME, UUT_FAILS, FACILITY ) VALUES (null, "E4 Room", 32, "Flex")
INSERT INTO atestat.UUT_TOP_FAILS (id, UUT_NAME, UUT_FAILS, FACILITY ) VALUES (null, "Nexus N13", 28, "VCL")
INSERT INTO atestat.UUT_TOP_FAILS (id, UUT_NAME, UUT_FAILS, FACILITY ) VALUES (null, "IP20-G", 26, "JBL")
INSERT INTO atestat.UUT_TOP_FAILS (id, UUT_NAME, UUT_FAILS, FACILITY ) VALUES (null, "TRX_NEXUS_FAST", 19, "VCL")
INSERT INTO atestat.UUT_TOP_FAILS (id, UUT_NAME, UUT_FAILS, FACILITY ) VALUES (null, "IP20TCC fast", 16, "VCL")
INSERT INTO atestat.UUT_TOP_FAILS (id, UUT_NAME, UUT_FAILS, FACILITY ) VALUES (null, "Ippon RFU", 15, "VCL")
INSERT INTO atestat.UUT_TOP_FAILS (id, UUT_NAME, UUT_FAILS, FACILITY ) VALUES (null, "N3 Cal", 14, "VCL")
INSERT INTO atestat.UUT_TOP_FAILS (id, UUT_NAME, UUT_FAILS, FACILITY ) VALUES (null, "LP PSC Sample TR", 12, "VCL")
INSERT INTO atestat.UUT_TOP_FAILS (id, UUT_NAME, UUT_FAILS, FACILITY ) VALUES (null, "TRX-Fast", 12, "Flex")
INSERT INTO atestat.UUT_TOP_FAILS (id, UUT_NAME, UUT_FAILS, FACILITY ) VALUES (null, "TRX-TR", 11, "VCL")
INSERT INTO atestat.UUT_TOP_FAILS (id, UUT_NAME, UUT_FAILS, FACILITY ) VALUES (null, "IP20_FINAL", 11, "VCL")
INSERT INTO atestat.UUT_TOP_FAILS (id, UUT_NAME, UUT_FAILS, FACILITY ) VALUES (null, "ODU_Titanium_Short", 11, "Flex")
INSERT INTO atestat.UUT_TOP_FAILS (id, UUT_NAME, UUT_FAILS, FACILITY ) VALUES (null, "RMC-B", 10, "VCL")
INSERT INTO atestat.UUT_TOP_FAILS (id, UUT_NAME, UUT_FAILS, FACILITY ) VALUES (null, "NEXUS MB", 10, "VCL")
INSERT INTO atestat.UUT_TOP_FAILS (id, UUT_NAME, UUT_FAILS, FACILITY ) VALUES (null, "RMC-E", 9, "Flex")
INSERT INTO atestat.UUT_TOP_FAILS (id, UUT_NAME, UUT_FAILS, FACILITY ) VALUES (null, "P3 Cal", 9, "VCL")
INSERT INTO atestat.UUT_TOP_FAILS (id, UUT_NAME, UUT_FAILS, FACILITY ) VALUES (null, "E3", 9, "Flex")
INSERT INTO atestat.UUT_TOP_FAILS (id, UUT_NAME, UUT_FAILS, FACILITY ) VALUES (null, "P3 ATP", 9, "VCL")
INSERT INTO atestat.UUT_TOP_FAILS (id, UUT_NAME, UUT_FAILS, FACILITY ) VALUES (null, "P5 Temperature", 8, "JBL")
INSERT INTO atestat.UUT_TOP_FAILS (id, UUT_NAME, UUT_FAILS, FACILITY ) VALUES (null, "IVM-8U", 6, "VCL")
INSERT INTO atestat.UUT_TOP_FAILS (id, UUT_NAME, UUT_FAILS, FACILITY ) VALUES (null, "IP20G_POST_FINAL", 6, "JBL")
INSERT INTO atestat.UUT_TOP_FAILS (id, UUT_NAME, UUT_FAILS, FACILITY ) VALUES (null, "RxModule-Room", 6, "Flex")
INSERT INTO atestat.UUT_TOP_FAILS (id, UUT_NAME, UUT_FAILS, FACILITY ) VALUES (null, "MINI MB FAST", 5, "Flex")
INSERT INTO atestat.UUT_TOP_FAILS (id, UUT_NAME, UUT_FAILS, FACILITY ) VALUES (null, "P4 Room", 4, "Flex")
INSERT INTO atestat.UUT_TOP_FAILS (id, UUT_NAME, UUT_FAILS, FACILITY ) VALUES (null, "NEXUS_OVEN", 3, "Flex")
INSERT INTO atestat.UUT_TOP_FAILS (id, UUT_NAME, UUT_FAILS, FACILITY ) VALUES (null, "EBAND_OVEN", 3, "Flex")
INSERT INTO atestat.UUT_TOP_FAILS (id, UUT_NAME, UUT_FAILS, FACILITY ) VALUES (null, "E7 Full", 2, "Flex")
INSERT INTO atestat.UUT_TOP_FAILS (id, UUT_NAME, UUT_FAILS, FACILITY ) VALUES (null, "IP20_OVEN", 2, "Flex")
INSERT INTO atestat.UUT_TOP_FAILS (id, UUT_NAME, UUT_FAILS, FACILITY ) VALUES (null, "Albatross XC fast", 2, "Flex")
INSERT INTO atestat.UUT_TOP_FAILS (id, UUT_NAME, UUT_FAILS, FACILITY ) VALUES (null, "ODU Room", 2, "Flex")
INSERT INTO atestat.UUT_TOP_FAILS (id, UUT_NAME, UUT_FAILS, FACILITY ) VALUES (null, "N5 Temperature", 1, "Flex")
INSERT INTO atestat.UUT_TOP_FAILS (id, UUT_NAME, UUT_FAILS, FACILITY ) VALUES (null, "Albatross FUUT", 1, "Flex")
Script ended at: Tue Jan 31 14:40:01 2017
*****************************************************************************************
******************************************************************************************************
* This scriptp receive TOP UUT FAIL data from all servers and put to local data base for fast access *
******************************************************************************************************
Script started at: Tue Jan 31 15:00:02 2017
36
Delete old records
INSERT INTO atestat.UUT_TOP_FAILS (id, UUT_NAME, UUT_FAILS, FACILITY ) VALUES (null, "SDCARD", 81, "VCL")
INSERT INTO atestat.UUT_TOP_FAILS (id, UUT_NAME, UUT_FAILS, FACILITY ) VALUES (null, "ELIC", 57, "VCL")
INSERT INTO atestat.UUT_TOP_FAILS (id, UUT_NAME, UUT_FAILS, FACILITY ) VALUES (null, "N4 Room", 45, "VCL")
INSERT INTO atestat.UUT_TOP_FAILS (id, UUT_NAME, UUT_FAILS, FACILITY ) VALUES (null, "NEXUS MB FAST", 33, "VCL")
INSERT INTO atestat.UUT_TOP_FAILS (id, UUT_NAME, UUT_FAILS, FACILITY ) VALUES (null, "E4 Room", 33, "Flex")
INSERT INTO atestat.UUT_TOP_FAILS (id, UUT_NAME, UUT_FAILS, FACILITY ) VALUES (null, "Nexus N13", 29, "VCL")
INSERT INTO atestat.UUT_TOP_FAILS (id, UUT_NAME, UUT_FAILS, FACILITY ) VALUES (null, "IP20-G", 26, "JBL")
INSERT INTO atestat.UUT_TOP_FAILS (id, UUT_NAME, UUT_FAILS, FACILITY ) VALUES (null, "TRX_NEXUS_FAST", 20, "VCL")
INSERT INTO atestat.UUT_TOP_FAILS (id, UUT_NAME, UUT_FAILS, FACILITY ) VALUES (null, "IP20TCC fast", 16, "VCL")
INSERT INTO atestat.UUT_TOP_FAILS (id, UUT_NAME, UUT_FAILS, FACILITY ) VALUES (null, "Ippon RFU", 15, "VCL")
INSERT INTO atestat.UUT_TOP_FAILS (id, UUT_NAME, UUT_FAILS, FACILITY ) VALUES (null, "N3 Cal", 14, "VCL")
INSERT INTO atestat.UUT_TOP_FAILS (id, UUT_NAME, UUT_FAILS, FACILITY ) VALUES (null, "ODU_Titanium_Short", 13, "Flex")
INSERT INTO atestat.UUT_TOP_FAILS (id, UUT_NAME, UUT_FAILS, FACILITY ) VALUES (null, "LP PSC Sample TR", 12, "VCL")
INSERT INTO atestat.UUT_TOP_FAILS (id, UUT_NAME, UUT_FAILS, FACILITY ) VALUES (null, "TRX-Fast", 12, "Flex")
INSERT INTO atestat.UUT_TOP_FAILS (id, UUT_NAME, UUT_FAILS, FACILITY ) VALUES (null, "IP20_FINAL", 11, "VCL")
INSERT INTO atestat.UUT_TOP_FAILS (id, UUT_NAME, UUT_FAILS, FACILITY ) VALUES (null, "TRX-TR", 11, "VCL")
INSERT INTO atestat.UUT_TOP_FAILS (id, UUT_NAME, UUT_FAILS, FACILITY ) VALUES (null, "RMC-B", 10, "VCL")
INSERT INTO atestat.UUT_TOP_FAILS (id, UUT_NAME, UUT_FAILS, FACILITY ) VALUES (null, "NEXUS MB", 10, "VCL")
INSERT INTO atestat.UUT_TOP_FAILS (id, UUT_NAME, UUT_FAILS, FACILITY ) VALUES (null, "P3 Cal", 10, "VCL")
INSERT INTO atestat.UUT_TOP_FAILS (id, UUT_NAME, UUT_FAILS, FACILITY ) VALUES (null, "RMC-E", 9, "Flex")
INSERT INTO atestat.UUT_TOP_FAILS (id, UUT_NAME, UUT_FAILS, FACILITY ) VALUES (null, "P5 Temperature", 9, "JBL")
INSERT INTO atestat.UUT_TOP_FAILS (id, UUT_NAME, UUT_FAILS, FACILITY ) VALUES (null, "E3", 9, "Flex")
INSERT INTO atestat.UUT_TOP_FAILS (id, UUT_NAME, UUT_FAILS, FACILITY ) VALUES (null, "P3 ATP", 9, "VCL")
INSERT INTO atestat.UUT_TOP_FAILS (id, UUT_NAME, UUT_FAILS, FACILITY ) VALUES (null, "P4 Room", 7, "Flex")
INSERT INTO atestat.UUT_TOP_FAILS (id, UUT_NAME, UUT_FAILS, FACILITY ) VALUES (null, "IVM-8U", 6, "VCL")
INSERT INTO atestat.UUT_TOP_FAILS (id, UUT_NAME, UUT_FAILS, FACILITY ) VALUES (null, "IP20G_POST_FINAL", 6, "JBL")
INSERT INTO atestat.UUT_TOP_FAILS (id, UUT_NAME, UUT_FAILS, FACILITY ) VALUES (null, "RxModule-Room", 6, "Flex")
INSERT INTO atestat.UUT_TOP_FAILS (id, UUT_NAME, UUT_FAILS, FACILITY ) VALUES (null, "EBAND_OVEN", 5, "Flex")
INSERT INTO atestat.UUT_TOP_FAILS (id, UUT_NAME, UUT_FAILS, FACILITY ) VALUES (null, "MINI MB FAST", 5, "Flex")
INSERT INTO atestat.UUT_TOP_FAILS (id, UUT_NAME, UUT_FAILS, FACILITY ) VALUES (null, "NEXUS_OVEN", 3, "Flex")
INSERT INTO atestat.UUT_TOP_FAILS (id, UUT_NAME, UUT_FAILS, FACILITY ) VALUES (null, "E7 Full", 2, "Flex")
INSERT INTO atestat.UUT_TOP_FAILS (id, UUT_NAME, UUT_FAILS, FACILITY ) VALUES (null, "IP20_OVEN", 2, "Flex")
INSERT INTO atestat.UUT_TOP_FAILS (id, UUT_NAME, UUT_FAILS, FACILITY ) VALUES (null, "N5 Temperature", 2, "Flex")
INSERT INTO atestat.UUT_TOP_FAILS (id, UUT_NAME, UUT_FAILS, FACILITY ) VALUES (null, "Albatross XC fast", 2, "Flex")
INSERT INTO atestat.UUT_TOP_FAILS (id, UUT_NAME, UUT_FAILS, FACILITY ) VALUES (null, "ODU Room", 2, "Flex")
INSERT INTO atestat.UUT_TOP_FAILS (id, UUT_NAME, UUT_FAILS, FACILITY ) VALUES (null, "Albatross FUUT", 1, "Flex")
Script ended at: Tue Jan 31 15:00:02 2017
*****************************************************************************************
******************************************************************************************************
* This scriptp receive TOP UUT FAIL data from all servers and put to local data base for fast access *
******************************************************************************************************
Script started at: Tue Jan 31 15:20:01 2017
36
Delete old records
INSERT INTO atestat.UUT_TOP_FAILS (id, UUT_NAME, UUT_FAILS, FACILITY ) VALUES (null, "SDCARD", 81, "VCL")
INSERT INTO atestat.UUT_TOP_FAILS (id, UUT_NAME, UUT_FAILS, FACILITY ) VALUES (null, "ELIC", 57, "VCL")
INSERT INTO atestat.UUT_TOP_FAILS (id, UUT_NAME, UUT_FAILS, FACILITY ) VALUES (null, "N4 Room", 47, "VCL")
INSERT INTO atestat.UUT_TOP_FAILS (id, UUT_NAME, UUT_FAILS, FACILITY ) VALUES (null, "NEXUS MB FAST", 33, "VCL")
INSERT INTO atestat.UUT_TOP_FAILS (id, UUT_NAME, UUT_FAILS, FACILITY ) VALUES (null, "E4 Room", 33, "Flex")
INSERT INTO atestat.UUT_TOP_FAILS (id, UUT_NAME, UUT_FAILS, FACILITY ) VALUES (null, "Nexus N13", 31, "VCL")
INSERT INTO atestat.UUT_TOP_FAILS (id, UUT_NAME, UUT_FAILS, FACILITY ) VALUES (null, "IP20-G", 26, "JBL")
INSERT INTO atestat.UUT_TOP_FAILS (id, UUT_NAME, UUT_FAILS, FACILITY ) VALUES (null, "TRX_NEXUS_FAST", 20, "VCL")
INSERT INTO atestat.UUT_TOP_FAILS (id, UUT_NAME, UUT_FAILS, FACILITY ) VALUES (null, "IP20TCC fast", 16, "VCL")
INSERT INTO atestat.UUT_TOP_FAILS (id, UUT_NAME, UUT_FAILS, FACILITY ) VALUES (null, "TRX-Fast", 15, "Flex")
INSERT INTO atestat.UUT_TOP_FAILS (id, UUT_NAME, UUT_FAILS, FACILITY ) VALUES (null, "Ippon RFU", 15, "VCL")
INSERT INTO atestat.UUT_TOP_FAILS (id, UUT_NAME, UUT_FAILS, FACILITY ) VALUES (null, "N3 Cal", 14, "VCL")
INSERT INTO atestat.UUT_TOP_FAILS (id, UUT_NAME, UUT_FAILS, FACILITY ) VALUES (null, "ODU_Titanium_Short", 14, "Flex")
INSERT INTO atestat.UUT_TOP_FAILS (id, UUT_NAME, UUT_FAILS, FACILITY ) VALUES (null, "LP PSC Sample TR", 12, "VCL")
INSERT INTO atestat.UUT_TOP_FAILS (id, UUT_NAME, UUT_FAILS, FACILITY ) VALUES (null, "IP20_FINAL", 11, "VCL")
INSERT INTO atestat.UUT_TOP_FAILS (id, UUT_NAME, UUT_FAILS, FACILITY ) VALUES (null, "TRX-TR", 11, "VCL")
INSERT INTO atestat.UUT_TOP_FAILS (id, UUT_NAME, UUT_FAILS, FACILITY ) VALUES (null, "E3", 10, "Flex")
INSERT INTO atestat.UUT_TOP_FAILS (id, UUT_NAME, UUT_FAILS, FACILITY ) VALUES (null, "P3 Cal", 10, "VCL")
INSERT INTO atestat.UUT_TOP_FAILS (id, UUT_NAME, UUT_FAILS, FACILITY ) VALUES (null, "RMC-B", 10, "VCL")
INSERT INTO atestat.UUT_TOP_FAILS (id, UUT_NAME, UUT_FAILS, FACILITY ) VALUES (null, "NEXUS MB", 10, "VCL")
INSERT INTO atestat.UUT_TOP_FAILS (id, UUT_NAME, UUT_FAILS, FACILITY ) VALUES (null, "P3 ATP", 9, "VCL")
INSERT INTO atestat.UUT_TOP_FAILS (id, UUT_NAME, UUT_FAILS, FACILITY ) VALUES (null, "RMC-E", 9, "Flex")
INSERT INTO atestat.UUT_TOP_FAILS (id, UUT_NAME, UUT_FAILS, FACILITY ) VALUES (null, "P5 Temperature", 9, "JBL")
INSERT INTO atestat.UUT_TOP_FAILS (id, UUT_NAME, UUT_FAILS, FACILITY ) VALUES (null, "P4 Room", 7, "Flex")
INSERT INTO atestat.UUT_TOP_FAILS (id, UUT_NAME, UUT_FAILS, FACILITY ) VALUES (null, "IP20G_POST_FINAL", 6, "JBL")
INSERT INTO atestat.UUT_TOP_FAILS (id, UUT_NAME, UUT_FAILS, FACILITY ) VALUES (null, "RxModule-Room", 6, "Flex")
INSERT INTO atestat.UUT_TOP_FAILS (id, UUT_NAME, UUT_FAILS, FACILITY ) VALUES (null, "IVM-8U", 6, "VCL")
INSERT INTO atestat.UUT_TOP_FAILS (id, UUT_NAME, UUT_FAILS, FACILITY ) VALUES (null, "MINI MB FAST", 5, "Flex")
INSERT INTO atestat.UUT_TOP_FAILS (id, UUT_NAME, UUT_FAILS, FACILITY ) VALUES (null, "EBAND_OVEN", 5, "Flex")
INSERT INTO atestat.UUT_TOP_FAILS (id, UUT_NAME, UUT_FAILS, FACILITY ) VALUES (null, "NEXUS_OVEN", 3, "Flex")
INSERT INTO atestat.UUT_TOP_FAILS (id, UUT_NAME, UUT_FAILS, FACILITY ) VALUES (null, "N5 Temperature", 2, "Flex")
INSERT INTO atestat.UUT_TOP_FAILS (id, UUT_NAME, UUT_FAILS, FACILITY ) VALUES (null, "Albatross XC fast", 2, "Flex")
INSERT INTO atestat.UUT_TOP_FAILS (id, UUT_NAME, UUT_FAILS, FACILITY ) VALUES (null, "ODU Room", 2, "Flex")
INSERT INTO atestat.UUT_TOP_FAILS (id, UUT_NAME, UUT_FAILS, FACILITY ) VALUES (null, "E7 Full", 2, "Flex")
INSERT INTO atestat.UUT_TOP_FAILS (id, UUT_NAME, UUT_FAILS, FACILITY ) VALUES (null, "IP20_OVEN", 2, "Flex")
INSERT INTO atestat.UUT_TOP_FAILS (id, UUT_NAME, UUT_FAILS, FACILITY ) VALUES (null, "Albatross FUUT", 1, "Flex")
Script ended at: Tue Jan 31 15:20:02 2017
*****************************************************************************************
******************************************************************************************************
* This scriptp receive TOP UUT FAIL data from all servers and put to local data base for fast access *
******************************************************************************************************
Script started at: Tue Jan 31 15:40:01 2017
37
Delete old records
INSERT INTO atestat.UUT_TOP_FAILS (id, UUT_NAME, UUT_FAILS, FACILITY ) VALUES (null, "SDCARD", 81, "VCL")
INSERT INTO atestat.UUT_TOP_FAILS (id, UUT_NAME, UUT_FAILS, FACILITY ) VALUES (null, "ELIC", 57, "VCL")
INSERT INTO atestat.UUT_TOP_FAILS (id, UUT_NAME, UUT_FAILS, FACILITY ) VALUES (null, "N4 Room", 48, "VCL")
INSERT INTO atestat.UUT_TOP_FAILS (id, UUT_NAME, UUT_FAILS, FACILITY ) VALUES (null, "E4 Room", 36, "Flex")
INSERT INTO atestat.UUT_TOP_FAILS (id, UUT_NAME, UUT_FAILS, FACILITY ) VALUES (null, "NEXUS MB FAST", 33, "VCL")
INSERT INTO atestat.UUT_TOP_FAILS (id, UUT_NAME, UUT_FAILS, FACILITY ) VALUES (null, "Nexus N13", 32, "VCL")
INSERT INTO atestat.UUT_TOP_FAILS (id, UUT_NAME, UUT_FAILS, FACILITY ) VALUES (null, "IP20-G", 27, "JBL")
INSERT INTO atestat.UUT_TOP_FAILS (id, UUT_NAME, UUT_FAILS, FACILITY ) VALUES (null, "TRX_NEXUS_FAST", 20, "VCL")
INSERT INTO atestat.UUT_TOP_FAILS (id, UUT_NAME, UUT_FAILS, FACILITY ) VALUES (null, "IP20TCC fast", 16, "VCL")
INSERT INTO atestat.UUT_TOP_FAILS (id, UUT_NAME, UUT_FAILS, FACILITY ) VALUES (null, "Ippon RFU", 15, "VCL")
INSERT INTO atestat.UUT_TOP_FAILS (id, UUT_NAME, UUT_FAILS, FACILITY ) VALUES (null, "TRX-Fast", 15, "Flex")
INSERT INTO atestat.UUT_TOP_FAILS (id, UUT_NAME, UUT_FAILS, FACILITY ) VALUES (null, "N3 Cal", 14, "VCL")
INSERT INTO atestat.UUT_TOP_FAILS (id, UUT_NAME, UUT_FAILS, FACILITY ) VALUES (null, "ODU_Titanium_Short", 14, "Flex")
INSERT INTO atestat.UUT_TOP_FAILS (id, UUT_NAME, UUT_FAILS, FACILITY ) VALUES (null, "LP PSC Sample TR", 13, "VCL")
INSERT INTO atestat.UUT_TOP_FAILS (id, UUT_NAME, UUT_FAILS, FACILITY ) VALUES (null, "IP20_FINAL", 11, "VCL")
INSERT INTO atestat.UUT_TOP_FAILS (id, UUT_NAME, UUT_FAILS, FACILITY ) VALUES (null, "TRX-TR", 11, "VCL")
INSERT INTO atestat.UUT_TOP_FAILS (id, UUT_NAME, UUT_FAILS, FACILITY ) VALUES (null, "NEXUS MB", 10, "VCL")
INSERT INTO atestat.UUT_TOP_FAILS (id, UUT_NAME, UUT_FAILS, FACILITY ) VALUES (null, "P3 Cal", 10, "VCL")
INSERT INTO atestat.UUT_TOP_FAILS (id, UUT_NAME, UUT_FAILS, FACILITY ) VALUES (null, "E3", 10, "Flex")
INSERT INTO atestat.UUT_TOP_FAILS (id, UUT_NAME, UUT_FAILS, FACILITY ) VALUES (null, "RMC-B", 10, "VCL")
INSERT INTO atestat.UUT_TOP_FAILS (id, UUT_NAME, UUT_FAILS, FACILITY ) VALUES (null, "P5 Temperature", 9, "JBL")
INSERT INTO atestat.UUT_TOP_FAILS (id, UUT_NAME, UUT_FAILS, FACILITY ) VALUES (null, "P3 ATP", 9, "VCL")
INSERT INTO atestat.UUT_TOP_FAILS (id, UUT_NAME, UUT_FAILS, FACILITY ) VALUES (null, "RMC-E", 9, "Flex")
INSERT INTO atestat.UUT_TOP_FAILS (id, UUT_NAME, UUT_FAILS, FACILITY ) VALUES (null, "P4 Room", 7, "Flex")
INSERT INTO atestat.UUT_TOP_FAILS (id, UUT_NAME, UUT_FAILS, FACILITY ) VALUES (null, "IP20G_POST_FINAL", 6, "JBL")
INSERT INTO atestat.UUT_TOP_FAILS (id, UUT_NAME, UUT_FAILS, FACILITY ) VALUES (null, "RxModule-Room", 6, "Flex")
INSERT INTO atestat.UUT_TOP_FAILS (id, UUT_NAME, UUT_FAILS, FACILITY ) VALUES (null, "IVM-8U", 6, "VCL")
INSERT INTO atestat.UUT_TOP_FAILS (id, UUT_NAME, UUT_FAILS, FACILITY ) VALUES (null, "EBAND_OVEN", 5, "Flex")
INSERT INTO atestat.UUT_TOP_FAILS (id, UUT_NAME, UUT_FAILS, FACILITY ) VALUES (null, "MINI MB FAST", 5, "Flex")
INSERT INTO atestat.UUT_TOP_FAILS (id, UUT_NAME, UUT_FAILS, FACILITY ) VALUES (null, "NEXUS_OVEN", 3, "Flex")
INSERT INTO atestat.UUT_TOP_FAILS (id, UUT_NAME, UUT_FAILS, FACILITY ) VALUES (null, "E7 Full", 2, "Flex")
INSERT INTO atestat.UUT_TOP_FAILS (id, UUT_NAME, UUT_FAILS, FACILITY ) VALUES (null, "IP20_OVEN", 2, "Flex")
INSERT INTO atestat.UUT_TOP_FAILS (id, UUT_NAME, UUT_FAILS, FACILITY ) VALUES (null, "N5 Temperature", 2, "Flex")
INSERT INTO atestat.UUT_TOP_FAILS (id, UUT_NAME, UUT_FAILS, FACILITY ) VALUES (null, "Albatross XC fast", 2, "Flex")
INSERT INTO atestat.UUT_TOP_FAILS (id, UUT_NAME, UUT_FAILS, FACILITY ) VALUES (null, "ODU Room", 2, "Flex")
INSERT INTO atestat.UUT_TOP_FAILS (id, UUT_NAME, UUT_FAILS, FACILITY ) VALUES (null, "Albatross FUUT", 1, "Flex")
INSERT INTO atestat.UUT_TOP_FAILS (id, UUT_NAME, UUT_FAILS, FACILITY ) VALUES (null, "IP20G_FINAL", 1, "Flex")
Script ended at: Tue Jan 31 15:40:02 2017
*****************************************************************************************
******************************************************************************************************
* This scriptp receive TOP UUT FAIL data from all servers and put to local data base for fast access *
******************************************************************************************************
Script started at: Tue Jan 31 16:00:01 2017
38
Delete old records
INSERT INTO atestat.UUT_TOP_FAILS (id, UUT_NAME, UUT_FAILS, FACILITY ) VALUES (null, "SDCARD", 81, "VCL")
INSERT INTO atestat.UUT_TOP_FAILS (id, UUT_NAME, UUT_FAILS, FACILITY ) VALUES (null, "ELIC", 57, "VCL")
INSERT INTO atestat.UUT_TOP_FAILS (id, UUT_NAME, UUT_FAILS, FACILITY ) VALUES (null, "N4 Room", 49, "VCL")
INSERT INTO atestat.UUT_TOP_FAILS (id, UUT_NAME, UUT_FAILS, FACILITY ) VALUES (null, "E4 Room", 37, "Flex")
INSERT INTO atestat.UUT_TOP_FAILS (id, UUT_NAME, UUT_FAILS, FACILITY ) VALUES (null, "NEXUS MB FAST", 33, "VCL")
INSERT INTO atestat.UUT_TOP_FAILS (id, UUT_NAME, UUT_FAILS, FACILITY ) VALUES (null, "Nexus N13", 32, "VCL")
INSERT INTO atestat.UUT_TOP_FAILS (id, UUT_NAME, UUT_FAILS, FACILITY ) VALUES (null, "IP20-G", 28, "JBL")
INSERT INTO atestat.UUT_TOP_FAILS (id, UUT_NAME, UUT_FAILS, FACILITY ) VALUES (null, "TRX_NEXUS_FAST", 21, "VCL")
INSERT INTO atestat.UUT_TOP_FAILS (id, UUT_NAME, UUT_FAILS, FACILITY ) VALUES (null, "IP20TCC fast", 16, "VCL")
INSERT INTO atestat.UUT_TOP_FAILS (id, UUT_NAME, UUT_FAILS, FACILITY ) VALUES (null, "TRX-Fast", 15, "Flex")
INSERT INTO atestat.UUT_TOP_FAILS (id, UUT_NAME, UUT_FAILS, FACILITY ) VALUES (null, "Ippon RFU", 15, "VCL")
INSERT INTO atestat.UUT_TOP_FAILS (id, UUT_NAME, UUT_FAILS, FACILITY ) VALUES (null, "N3 Cal", 14, "VCL")
INSERT INTO atestat.UUT_TOP_FAILS (id, UUT_NAME, UUT_FAILS, FACILITY ) VALUES (null, "ODU_Titanium_Short", 14, "Flex")
INSERT INTO atestat.UUT_TOP_FAILS (id, UUT_NAME, UUT_FAILS, FACILITY ) VALUES (null, "IP20_FINAL", 14, "VCL")
INSERT INTO atestat.UUT_TOP_FAILS (id, UUT_NAME, UUT_FAILS, FACILITY ) VALUES (null, "LP PSC Sample TR", 13, "VCL")
INSERT INTO atestat.UUT_TOP_FAILS (id, UUT_NAME, UUT_FAILS, FACILITY ) VALUES (null, "TRX-TR", 11, "VCL")
INSERT INTO atestat.UUT_TOP_FAILS (id, UUT_NAME, UUT_FAILS, FACILITY ) VALUES (null, "E3", 10, "Flex")
INSERT INTO atestat.UUT_TOP_FAILS (id, UUT_NAME, UUT_FAILS, FACILITY ) VALUES (null, "RMC-B", 10, "VCL")
INSERT INTO atestat.UUT_TOP_FAILS (id, UUT_NAME, UUT_FAILS, FACILITY ) VALUES (null, "NEXUS MB", 10, "VCL")
INSERT INTO atestat.UUT_TOP_FAILS (id, UUT_NAME, UUT_FAILS, FACILITY ) VALUES (null, "P3 Cal", 10, "VCL")
INSERT INTO atestat.UUT_TOP_FAILS (id, UUT_NAME, UUT_FAILS, FACILITY ) VALUES (null, "P3 ATP", 9, "VCL")
INSERT INTO atestat.UUT_TOP_FAILS (id, UUT_NAME, UUT_FAILS, FACILITY ) VALUES (null, "RMC-E", 9, "Flex")
INSERT INTO atestat.UUT_TOP_FAILS (id, UUT_NAME, UUT_FAILS, FACILITY ) VALUES (null, "P5 Temperature", 9, "JBL")
INSERT INTO atestat.UUT_TOP_FAILS (id, UUT_NAME, UUT_FAILS, FACILITY ) VALUES (null, "P4 Room", 7, "Flex")
INSERT INTO atestat.UUT_TOP_FAILS (id, UUT_NAME, UUT_FAILS, FACILITY ) VALUES (null, "IP20G_POST_FINAL", 6, "JBL")
INSERT INTO atestat.UUT_TOP_FAILS (id, UUT_NAME, UUT_FAILS, FACILITY ) VALUES (null, "RxModule-Room", 6, "Flex")
INSERT INTO atestat.UUT_TOP_FAILS (id, UUT_NAME, UUT_FAILS, FACILITY ) VALUES (null, "IVM-8U", 6, "VCL")
INSERT INTO atestat.UUT_TOP_FAILS (id, UUT_NAME, UUT_FAILS, FACILITY ) VALUES (null, "MINI MB FAST", 5, "Flex")
INSERT INTO atestat.UUT_TOP_FAILS (id, UUT_NAME, UUT_FAILS, FACILITY ) VALUES (null, "EBAND_OVEN", 5, "Flex")
INSERT INTO atestat.UUT_TOP_FAILS (id, UUT_NAME, UUT_FAILS, FACILITY ) VALUES (null, "NEXUS_OVEN", 3, "Flex")
INSERT INTO atestat.UUT_TOP_FAILS (id, UUT_NAME, UUT_FAILS, FACILITY ) VALUES (null, "N5 Temperature", 3, "Flex")
INSERT INTO atestat.UUT_TOP_FAILS (id, UUT_NAME, UUT_FAILS, FACILITY ) VALUES (null, "Albatross XC fast", 2, "Flex")
INSERT INTO atestat.UUT_TOP_FAILS (id, UUT_NAME, UUT_FAILS, FACILITY ) VALUES (null, "ODU Room", 2, "Flex")
INSERT INTO atestat.UUT_TOP_FAILS (id, UUT_NAME, UUT_FAILS, FACILITY ) VALUES (null, "E7 Full", 2, "Flex")
INSERT INTO atestat.UUT_TOP_FAILS (id, UUT_NAME, UUT_FAILS, FACILITY ) VALUES (null, "IP20_OVEN", 2, "Flex")
INSERT INTO atestat.UUT_TOP_FAILS (id, UUT_NAME, UUT_FAILS, FACILITY ) VALUES (null, "Albatross FUUT", 1, "Flex")
INSERT INTO atestat.UUT_TOP_FAILS (id, UUT_NAME, UUT_FAILS, FACILITY ) VALUES (null, "IP20G_FINAL", 1, "Flex")
INSERT INTO atestat.UUT_TOP_FAILS (id, UUT_NAME, UUT_FAILS, FACILITY ) VALUES (null, "TxModule-Room", 1, "Flex")
Script ended at: Tue Jan 31 16:00:02 2017
*****************************************************************************************
